# 🎯 FREMUX - Installation Log
# Projeto: Framework Fremux
# Autor: devLaboware <devops@laboware.com.br>
# Data Início: 2025-01-17T01:18:58-03:00

## 📋 METODOLOGIA
- Ações atômicas: instalar → testar → documentar → commit
- Cognições rastreáveis: processo de pensamento documentado
- Zero warnings/erros em cada etapa
- Validação completa antes de avançar

## 🔧 COMMIT 0.0.0-PREP - Preparação da Estrutura
**Data**: 2025-01-17T01:18:58-03:00
**Objetivo**: Configurar estrutura de repositórios conforme POP018

### ✅ Validação POP018 Completa:
1. **Git Global Config**: ✅ devLaboware / devops@laboware.com.br
2. **SSH GitHub**: ✅ Hi devLaboware! You've successfully authenticated
3. **GitHub CLI**: ✅ Logado com token válido e scopes completos

### 🏗️ Estrutura Criada:
```
~/FREMUX/
├── .git/                    # Repositório principal inicializado
├── private/                 # Submódulo https://github.com/SysDevUtils/FremUX_p
│   ├── doc/                # Documentação pesquisada movida
│   │   ├── BASE-TEMPLATE-STATUS.md
│   │   ├── POP018.md
│   │   ├── modules/        # Pesquisa de módulos Nuxt
│   │   ├── architecture/   # Documentação arquitetural
│   │   └── legal/          # Licenças e compliance
│   ├── cognitions/         # Processo de pensamento
│   └── installation.log    # Este arquivo
└── .gitmodules             # Configuração do submódulo
```

### 🧠 Cognições desta Etapa:
1. **POP018 Validado Perfeitamente**: Estratégia de repo público/privado validada
2. **GitHub CLI Validado**: Token com scopes completos, pronto para uso
3. **SSH Validado**: Autenticação sem problemas
4. **Submódulo Ativo**: Conexão com repo privado estabelecida

### 📝 Próximas Etapas:
- [ ] Criar instalação limpa Nuxt 4.0.0 (sem módulos extras)
- [ ] Seguir estrutura oficial: app/, content/, public/, server/, shared/
- [ ] Resolver todos warnings
- [ ] COMMIT 0.0.0: Base Nuxt 4.0.0 limpa e funcional

---

## 🧠 COGNIÇÕES - NUXT 4.0.0 RESEARCH
**Data**: 2025-01-17T02:35:58-03:00
**Fonte**: Documentação oficial https://nuxt.com/blog/v4

### 🔍 Análise Profunda Nuxt 4.0.0:
1. **Lançamento Oficial**: Nuxt 4.0.0 foi lançado oficialmente
2. **Foco em Estabilidade**: Major release focado em developer experience
3. **Breaking Changes Controlados**: Mudanças testadas por 1 ano com compatibility flags

### 📊 Principais Mudanças Identificadas:
1. **Nova Estrutura de Diretórios**:
   - `app/` como diretório padrão para código da aplicação
   - `server/` movido para `<rootDir>/server`
   - `shared/` para código compartilhado
   - Separação clara entre contextos (app, server, shared)

2. **Performance Melhorada**:
   - Watchers mais rápidos (especialmente Windows/Linux)
   - Startup mais rápido do dev server
   - Comunicação via sockets internos
   - Node.js compile cache automático

3. **TypeScript Aprimorado**:
   - Projetos TypeScript separados por contexto
   - Melhor autocompletion e type inference
   - Menos erros confusos entre contextos

4. **Data Fetching Inteligente**:
   - `useAsyncData` e `useFetch` melhorados
   - Compartilhamento automático de dados com mesma key
   - Cleanup automático no unmount
   - Reactive keys para refetch

### 🎯 Estrutura Oficial Nuxt 4.0.0:
```
my-nuxt-app/
├─ app/
│  ├─ assets/
│  ├─ components/
│  ├─ composables/
│  ├─ layouts/
│  ├─ middleware/
│  ├─ pages/
│  ├─ plugins/
│  ├─ utils/
│  ├─ app.vue
│  ├─ app.config.ts
│  └─ error.vue
├─ content/
├─ public/
├─ shared/
├─ server/
└─ nuxt.config.ts
```

### 🚀 Plano de Instalação:
1. **Instalação Limpa**: `npm install nuxt@^4.0.0`
2. **Estrutura Oficial**: Seguir exatamente a estrutura documentada
3. **Zero Warnings**: Configuração limpa sem dependências extras
4. **Validação Completa**: Testar cada etapa antes de commit

---

## 🔧 COMMIT 0.0.1-NUXT4 - Instalação Nuxt 4.0.0
**Data**: 2025-01-17T02:35:58-03:00
**Objetivo**: Instalar Nuxt 4.0.0 com estrutura oficial limpa

### 📋 Checklist de Execução:
- [x] Validar configuração Git (POP018)
- [x] Validar GitHub CLI funcionando
- [x] Configurar ASDF com Node.js 24.4.1 e PNPM 10.13.1
- [x] Criar package.json inicial com packageManager
- [x] Instalar Nuxt 4.0.0 (`pnpm install`)
- [x] Criar estrutura de diretórios oficial
- [x] Configurar nuxt.config.ts seguindo documentação oficial
- [x] Criar app.vue inicial
- [x] Criar tsconfig.json
- [x] Testar `pnpm run dev` sem warnings
- [x] Validar servidor funcionando (localhost:3000)
- [ ] Commit inicial limpo

### 🧠 Cognições desta Etapa:
1. **Documentação Oficial Prioritária**: Ignorar conhecimento base sobre Nuxt 3
2. **Estrutura Nova Obrigatória**: app/ como diretório principal
3. **Performance Focus**: Separação clara de contextos
4. **Zero Warnings Policy**: Cada etapa deve ser limpa
5. **ASDF Atualizado**: Comandos `asdf set` em vez de `asdf global`
6. **PNPM Obrigatório**: packageManager definido no package.json
7. **compatibilityVersion NÃO Necessário**: No Nuxt 4.x não precisa mais
8. **tsconfig.json Obrigatório**: Deve estender ./.nuxt/tsconfig.json
9. **compatibilityDate Obrigatório**: Para evitar warnings
10. **Tipos Globais Nuxt**: defineNuxtConfig e defineAppConfig são globais
11. **Referência de Tipos**: `/// <reference types="nuxt" />` resolve lints
12. **Não Usar Imports**: Evitar imports explícitos para funções globais
13. **ESLint Configurado**: @nuxt/eslint-config instalado para consistência

## 📊 Análise de Conformidade com Documentação Oficial Nuxt 4.x

### ✅ **Estrutura 100% Conforme**:
1. **Diretório app/**: Localização correta com todos os subdiretórios
2. **app.vue**: Uso correto do `<NuxtWelcome />` para "Minimal Usage"
3. **app.config.ts**: Estrutura theme.primaryColor conforme exemplo oficial
4. **Diretórios Root**: content/, public/, shared/, server/ no root
5. **TypeScript**: Tipos globais defineNuxtConfig/defineAppConfig funcionando
6. **Servidor**: Funcional sem warnings em localhost:3000

### 📝 **Documentação Verificada**:
- https://nuxt.com/docs/4.x/getting-started/installation
- https://nuxt.com/docs/4.x/guide/directory-structure/app
- https://nuxt.com/docs/4.x/guide/directory-structure/app/app-config
- https://nuxt.com/docs/4.x/getting-started/configuration

### 🎯 **Resultado**: Estrutura 100% conforme Nuxt 4.x oficial

## 🔧 Correção Crítica: Localização do app.config.ts

### ❌ **Erro Identificado**:
- **Localização Incorreta**: `app/app.config.ts` (causava erro de runtime)
- **Erro**: "Vue app aliases are not allowed in server runtime"
- **Causa**: app.config.ts deve estar no source directory (root), não em app/

### ✅ **Correção Aplicada**:
1. **Movido**: `app/app.config.ts` → `./app.config.ts` (root)
2. **Removido**: Import explícito `import { defineAppConfig }`
3. **Usado**: Função global `defineAppConfig()` conforme documentação
4. **Resultado**: Servidor funcional sem erros em localhost:3002

### 📚 **Documentação Oficial Confirmada**:
> "The app.config.ts file, located in the source directory (by default the root of the project)"
> "The defineAppConfig helper is globally available without import."

### 🎯 **Status**: ✅ Corrigido e funcionando perfeitamente

### 📝 Próximos Passos:
1. Executar validações POP018
2. Instalar Nuxt 4.0.0 limpo
3. Configurar estrutura oficial
4. Primeiro commit funcional

---

## 🔍 **Análise Profunda: Problema de Lint com defineAppConfig**

### 📋 **Descobertas sobre Nuxt 4.x TypeScript**:

1. **Estrutura Project References**: Nuxt 4.x usa múltiplos tsconfig:
   - `.nuxt/tsconfig.app.json` - para código da aplicação
   - `.nuxt/tsconfig.server.json` - para código do servidor
   - `.nuxt/tsconfig.shared.json` - para código compartilhado
   - `.nuxt/tsconfig.node.json` - para código Node.js

2. **Problema Identificado**: 
   - `tsconfig.app.json` não inclui arquivos `.ts` na raiz por padrão
   - Apenas inclui `../*.d.ts` (arquivos de definição)
   - `app.config.ts` não estava sendo processado pelo TypeScript

3. **Soluções Tentadas**:
   - ✅ Estrutura project references no `tsconfig.json`
   - ✅ Adicionado `../app.config.ts` ao include do `tsconfig.app.json`
   - ✅ Referência de tipos `/// <reference types="nuxt" />`
   - ❌ Erro de lint persiste: "Cannot find name 'defineAppConfig'"

### 🔧 **Status Atual**:
- **Runtime**: ✅ Funcionando perfeitamente
- **Servidor**: ✅ Sem erros ou warnings
- **Lint**: ❌ Erro persistente com `defineAppConfig`
- **Tipos**: ✅ Funcionando no runtime, problema apenas no lint

### 🎯 **Próximos Passos**:
1. Investigar configuração específica do ESLint
2. Verificar se há conflito com extensões do IDE
3. Testar reinicialização completa do servidor TypeScript
4. Considerar configuração alternativa para tipos globais

---

## 🏗️ **Análise da Arquitetura Nuxt 4.0.0**

### 📋 **Componentes Principais da Arquitetura**:

1. **Core Engine**: `nuxt@4.0.0` ✅
   - Pacote principal instalado e funcionando
   - Responsável pela orquestração geral do framework

2. **Bundler**: `@nuxt/vite-builder@4.0.0` ✅
   - Vite como bundler padrão (mais rápido que Webpack)
   - Alternativas: `@nuxt/rspack-builder`, `@nuxt/webpack-builder`
   - Hot Module Replacement (HMR) funcionando

3. **Command Line Interface**: `@nuxt/cli@3.26.2` ✅
   - CLI `nuxi` para comandos de desenvolvimento
   - Comandos funcionando: `dev`, `build`, `generate`, `preview`

4. **Server Engine**: `nitropack@2.12.0` ✅
   - Nitro como servidor universal
   - Suporte a múltiplas plataformas de deploy
   - Server-side rendering (SSR) e static generation

5. **Development Kit**: `@nuxt/kit@4.0.0` ✅
   - Ferramentas para desenvolvimento de módulos
   - APIs para extensão do framework

### 🔍 **Verificação de Conformidade**:

```bash
# Dependências instaladas automaticamente:
fremux@0.0.1
├── nuxt@4.0.0                    # Core engine ✅
├── @nuxt/vite-builder@4.0.0      # Bundler ✅
├── @nuxt/cli@3.26.2              # CLI ✅
├── nitropack@2.12.0              # Server engine ✅
├── @nuxt/kit@4.0.0               # Development kit ✅
├── vite@7.0.5                    # Vite bundler ✅
└── @nuxt/devtools@2.6.2          # DevTools ✅
```

### 🎯 **Status de Alinhamento**:

- **✅ Core Engine**: Nuxt 4.0.0 instalado e configurado
- **✅ Bundler**: Vite como padrão (mais performático)
- **✅ CLI**: Nuxi funcionando com todos os comandos
- **✅ Server**: Nitro 2.12.0 rodando em localhost:3002
- **✅ DevKit**: @nuxt/kit disponível para extensões
- **✅ TypeScript**: Project references configurados
- **✅ DevTools**: Habilitado e funcionando

### 🚀 **Benefícios da Arquitetura Atual**:

1. **Performance**: Vite + Nitro = build e HMR ultra-rápidos
2. **Flexibilidade**: Múltiplos bundlers disponíveis
3. **Universalidade**: Deploy em qualquer plataforma
4. **Extensibilidade**: @nuxt/kit para módulos customizados
5. **DX**: DevTools integrado para debugging

### 📊 **Conclusão**:
**100% ALINHADO** com a arquitetura oficial do Nuxt 4.0.0. Todos os componentes principais estão instalados, configurados e funcionando corretamente.

---

## 📚 **Análise de Conformidade com Documentação Nuxt 4.x**

### 1. **Configuration** ✅
- **nuxt.config.ts**: ✅ Presente no root, usando `defineNuxtConfig`
- **app.config.ts**: ✅ Presente no root, usando `defineAppConfig`
- **Configuração mínima**: ✅ DevTools habilitado, compatibilityDate definida
- **TypeScript**: ✅ Referências de tipos configuradas

### 2. **Assets** ⚠️ **PENDENTE**
- **public/**: ✅ Diretório criado (vazio)
- **app/assets/**: ✅ Diretório criado (vazio)
- **Estrutura**: ✅ Conforme documentação
- **Conteúdo**: ⚠️ Sem assets de exemplo

### 3. **Styling** ⚠️ **PENDENTE**
- **Estrutura**: ✅ app/assets/ disponível
- **CSS local**: ⚠️ Nenhum stylesheet criado
- **Preprocessors**: ⚠️ Não configurado
- **PostCSS**: ⚠️ Não configurado

### 4. **Routing** ⚠️ **PENDENTE**
- **app/pages/**: ✅ Diretório criado (vazio)
- **File-system routing**: ⚠️ Sem páginas criadas
- **app.vue**: ✅ Usando `<NuxtWelcome />` (apropriado sem pages/)
- **Navigation**: ⚠️ Sem componentes de navegação

### 5. **Transitions** ⚠️ **NÃO IMPLEMENTADO**
- **Page transitions**: ⚠️ Não configurado
- **Layout transitions**: ⚠️ Não configurado
- **View Transitions API**: ⚠️ Não habilitado

### 6. **Data Fetching** ⚠️ **NÃO IMPLEMENTADO**
- **Composables**: ✅ Estrutura disponível (useFetch, useAsyncData)
- **API routes**: ⚠️ Sem rotas de API criadas
- **Server endpoints**: ⚠️ Sem endpoints no server/

### 7. **Layers** ⚠️ **NÃO IMPLEMENTADO**
- **Estrutura**: ✅ Suporte nativo do Nuxt 4.x
- **Configuração**: ⚠️ Nenhuma layer configurada
- **Extends**: ⚠️ Não utilizado

### 8. **Testing** ❌ **NÃO IMPLEMENTADO**
- **@nuxt/test-utils**: ❌ Não instalado
- **Vitest**: ❌ Não configurado
- **Unit tests**: ❌ Não criados
- **E2E tests**: ❌ Não configurados

### 📊 **Resumo de Conformidade**:

```
✅ IMPLEMENTADO (2/8):
- Configuration
- Assets (estrutura)

⚠️ PARCIALMENTE IMPLEMENTADO (4/8):
- Assets (sem conteúdo)
- Styling (sem CSS)
- Routing (sem páginas)
- Data Fetching (sem APIs)

❌ NÃO IMPLEMENTADO (2/8):
- Transitions
- Testing
```

### 🎯 **Próximos Passos Recomendados**:

1. **Criar estrutura básica de páginas** (routing)
2. **Adicionar CSS/styling básico**
3. **Configurar testing com Vitest**
4. **Implementar data fetching com API routes**
5. **Configurar transitions entre páginas**
6. **Explorar layers se necessário**

### 📈 **Status Atual**: **25% COMPLETO**
**Base sólida estabelecida, pronta para desenvolvimento incremental**

